<?xml version="1.0" encoding="UTF-8"?>
<testng-results skipped="0" failed="0" ignored="0" total="1" passed="1">
  <reporter-output>
  </reporter-output>
  <suite name="Default suite" duration-ms="21178" started-at="2019-06-03T13:34:26Z" finished-at="2019-06-03T13:34:48Z">
    <groups>
    </groups>
    <test name="Default test" duration-ms="21178" started-at="2019-06-03T13:34:26Z" finished-at="2019-06-03T13:34:48Z">
      <class name="com.appium.testcase.LoginTest">
        <test-method status="PASS" signature="setup()[pri:0, instance:com.appium.testcase.LoginTest@3327bd23]" name="setup" is-config="true" duration-ms="14675" started-at="2019-06-03T13:34:26Z" finished-at="2019-06-03T13:34:41Z">
          <reporter-output>
          </reporter-output>
        </test-method> <!-- setup -->
        <test-method status="PASS" signature="verify_loginfunctionality_for_valid_credentials()[pri:0, instance:com.appium.testcase.LoginTest@3327bd23]" name="verify_loginfunctionality_for_valid_credentials" duration-ms="5814" started-at="2019-06-03T13:34:41Z" finished-at="2019-06-03T13:34:47Z">
          <reporter-output>
          </reporter-output>
        </test-method> <!-- verify_loginfunctionality_for_valid_credentials -->
        <test-method status="PASS" signature="quitBrowser()[pri:0, instance:com.appium.testcase.LoginTest@3327bd23]" name="quitBrowser" is-config="true" duration-ms="660" started-at="2019-06-03T13:34:47Z" finished-at="2019-06-03T13:34:48Z">
          <reporter-output>
          </reporter-output>
        </test-method> <!-- quitBrowser -->
      </class> <!-- com.appium.testcase.LoginTest -->
    </test> <!-- Default test -->
  </suite> <!-- Default suite -->
</testng-results>
